<?xml version="1.0" encoding="UTF-8"?>
<testng-results skipped="0" failed="0" ignored="0" total="3" passed="3">
  <reporter-output>
  </reporter-output>
  <suite name="Suite" duration-ms="73" started-at="2020-01-29T17:33:11 IST" finished-at="2020-01-29T17:33:11 IST">
    <groups>
    </groups>
    <test name="Test" duration-ms="73" started-at="2020-01-29T17:33:11 IST" finished-at="2020-01-29T17:33:11 IST">
      <class name="Hdc2DemoJan2020.TestNGDemo">
        <test-method status="PASS" signature="f1(java.lang.String, java.lang.String)[pri:0, instance:Hdc2DemoJan2020.TestNGDemo@79be0360]" name="f1" duration-ms="11" started-at="2020-01-29T17:33:11 IST" finished-at="2020-01-29T17:33:11 IST">
          <params>
            <param index="0">
              <value>
                <![CDATA[HDC2]]>
              </value>
            </param>
            <param index="1">
              <value>
                <![CDATA[Test]]>
              </value>
            </param>
          </params>
          <reporter-output>
          </reporter-output>
        </test-method> <!-- f1 -->
        <test-method status="PASS" signature="f2()[pri:0, instance:Hdc2DemoJan2020.TestNGDemo@79be0360]" name="f2" duration-ms="2" started-at="2020-01-29T17:33:11 IST" finished-at="2020-01-29T17:33:11 IST">
          <reporter-output>
          </reporter-output>
        </test-method> <!-- f2 -->
        <test-method status="PASS" signature="f3(java.lang.String, java.lang.String)[pri:0, instance:Hdc2DemoJan2020.TestNGDemo@79be0360]" name="f3" duration-ms="3" started-at="2020-01-29T17:33:11 IST" finished-at="2020-01-29T17:33:11 IST">
          <params>
            <param index="0">
              <value>
                <![CDATA[HDC2]]>
              </value>
            </param>
            <param index="1">
              <value>
                <![CDATA[Test]]>
              </value>
            </param>
          </params>
          <reporter-output>
          </reporter-output>
        </test-method> <!-- f3 -->
      </class> <!-- Hdc2DemoJan2020.TestNGDemo -->
    </test> <!-- Test -->
  </suite> <!-- Suite -->
</testng-results>
